INFO main bigdata.TimeSeriesAnalysis.App - 2010/10/19:[1.3374848, 0.15247901, 241.9131, 5.6530633, 0.7118056, 2.8541667, 6.570139]
INFO main bigdata.TimeSeriesAnalysis.App - 2010/10/20:[1.1999751, 0.112891674, 242.24826, 5.033612, 1.4958333, 0.47916666, 7.173611]
INFO main bigdata.TimeSeriesAnalysis.App - 2010/10/21:[0.94110954, 0.12599576, 243.47229, 3.946799, 0.5243056, 0.4798611, 4.692361]
INFO main bigdata.TimeSeriesAnalysis.App - 2010/10/22:[1.158953, 0.103140034, 242.79817, 4.783183, 0.76805556, 0.33194444, 8.817361]
INFO main bigdata.TimeSeriesAnalysis.App - 2010/10/23:[1.5925242, 0.14799447, 242.24367, 6.689719, 2.5951388, 2.6965277, 9.350695]
INFO main bigdata.TimeSeriesAnalysis.App - 2010/10/24:[1.6612562, 0.18709366, 243.02177, 6.9708157, 1.3773453, 5.2404447, 9.19875]
INFO main bigdata.TimeSeriesAnalysis.App - 2010/10/25:[0.80784166, 0.11064439, 242.40616, 3.3922086, 0.0, 0.37569445, 4.686111]
INFO main bigdata.TimeSeriesAnalysis.App - 2010/10/26:[0.6568776, 0.12032345, 244.89095, 2.7504094, 0.0, 1.7277777, 3.4645834]
INFO main bigdata.TimeSeriesAnalysis.App - 2010/10/27:[0.8751935, 0.106827915, 246.1088, 3.6229162, 0.0, 1.4291667, 5.742361]
INFO main bigdata.TimeSeriesAnalysis.App - 2010/10/28:[1.0161988, 0.13002783, 246.25407, 4.2001443, 0.7659722, 1.8243055, 6.3104167]
INFO main bigdata.TimeSeriesAnalysis.App - 2010/10/29:[0.83640444, 0.13591692, 245.74266, 3.5119483, 0.7465278, 0.50416666, 2.7159722]
INFO main bigdata.TimeSeriesAnalysis.App - 2010/10/30:[1.4949313, 0.13563895, 243.26733, 6.22903, 1.6340277, 0.4263889, 10.627084]
INFO main bigdata.TimeSeriesAnalysis.App - 2010/10/31:[1.0252986, 0.14450137, 245.49518, 4.2351427, 0.9930556, 0.47083333, 3.88125]
INFO main bigdata.TimeSeriesAnalysis.App - 2010/11/1:[0.9605412, 0.12992065, 246.37964, 3.937642, 0.0, 0.44027779, 6.0736113]
INFO main bigdata.TimeSeriesAnalysis.App - 2010/11/2:[0.8271412, 0.12952785, 245.78691, 3.4218035, 0.0, 0.3986111, 4.016667]
INFO main bigdata.TimeSeriesAnalysis.App - 2010/11/3:[0.8981237, 0.12240538, 244.27867, 3.7595787, 0.70902777, 0.76944447, 4.5340276]
INFO main bigdata.TimeSeriesAnalysis.App - 2010/11/4:[1.7744075, 0.17530432, 243.15239, 7.4961133, 4.1868057, 7.772917, 7.1430554]
INFO main bigdata.TimeSeriesAnalysis.App - 2010/11/5:[1.2056161, 0.12534583, 243.77515, 5.05333, 0.0, 0.5486111, 8.756945]
INFO main bigdata.TimeSeriesAnalysis.App - 2010/11/6:[1.2537563, 0.1346933, 238.43015, 5.345133, 2.2604167, 0.4722222, 6.807639]
INFO main bigdata.TimeSeriesAnalysis.App - 2010/11/7:[1.1623725, 0.12151112, 238.43643, 4.9659686, 0.7125, 0.43125, 4.821528]
INFO main bigdata.TimeSeriesAnalysis.App - 2010/11/8:[1.2677368, 0.10115009, 237.74332, 5.3731995, 0.7548611, 0.38541666, 9.054167]
INFO main bigdata.TimeSeriesAnalysis.App - 2010/11/9:[1.4042338, 0.107409626, 237.78802, 5.985973, 1.45625, 0.40486112, 8.680555]
INFO main bigdata.TimeSeriesAnalysis.App - 2010/11/10:[1.3517601, 0.10657779, 239.08482, 5.71666, 0.7125, 4.0680556, 9.241667]
INFO main bigdata.TimeSeriesAnalysis.App - 2010/11/11:[1.2316614, 0.10568605, 238.72871, 5.2555623, 2.3777778, 1.5388889, 4.3465276]
INFO main bigdata.TimeSeriesAnalysis.App - 2010/11/12:[1.2755704, 0.10496114, 238.83788, 5.434858, 1.4263889, 0.33958334, 7.1583333]
INFO main bigdata.TimeSeriesAnalysis.App - 2010/11/13:[1.4049811, 0.11262495, 239.33266, 5.9195776, 0.72986114, 0.40902779, 9.620139]
INFO main bigdata.TimeSeriesAnalysis.App - 2010/11/14:[1.4155506, 0.14145428, 239.27997, 6.032353, 3.711111, 0.38125, 6.0819445]
INFO main bigdata.TimeSeriesAnalysis.App - 2010/11/15:[1.2134597, 0.087997235, 239.54924, 5.1256914, 0.7465278, 2.9319444, 6.1930556]
INFO main bigdata.TimeSeriesAnalysis.App - 2010/11/16:[1.0484363, 0.09277643, 241.19785, 4.4036026, 0.0, 0.33194444, 5.5201387]
INFO main bigdata.TimeSeriesAnalysis.App - 2010/11/17:[1.0986339, 0.09855278, 241.45265, 4.63124, 0.80069447, 0.34097221, 6.1909723]
INFO main bigdata.TimeSeriesAnalysis.App - 2010/11/18:[1.1473279, 0.14319156, 241.01674, 4.8769503, 1.5104166, 0.33958334, 6.5618057]
INFO main bigdata.TimeSeriesAnalysis.App - 2010/11/19:[1.0905559, 0.08536664, 240.04663, 4.578482, 0.0, 0.33541667, 8.273611]
INFO main bigdata.TimeSeriesAnalysis.App - 2010/11/20:[1.525699, 0.10678323, 240.60834, 6.4723654, 3.0326388, 2.0465279, 7.9395833]
INFO main bigdata.TimeSeriesAnalysis.App - 2010/11/21:[0.6256307, 0.08307215, 241.18004, 2.6379101, 0.0, 0.3513889, 3.3180556]
INFO main bigdata.TimeSeriesAnalysis.App - 2010/11/22:[1.4177347, 0.09885679, 240.1971, 6.0141797, 3.3715277, 1.4652778, 7.038889]
INFO main bigdata.TimeSeriesAnalysis.App - 2010/11/23:[1.0955107, 0.09545142, 240.5757, 4.67444, 1.2993056, 0.31805557, 5.2854166]
INFO main bigdata.TimeSeriesAnalysis.App - 2010/11/24:[1.247395, 0.09198601, 240.03098, 5.249578, 0.76111114, 1.9777777, 8.488889]
INFO main bigdata.TimeSeriesAnalysis.App - 2010/11/25:[0.993864, 0.080644436, 241.53627, 4.169446, 0.74722224, 0.29583332, 3.5222223]
INFO main bigdata.TimeSeriesAnalysis.App - Working directory is : /tmp/
INFO main bigdata.TimeSeriesAnalysis.App - Working directory is : /tmp/
INFO main bigdata.TimeSeriesAnalysis.App - 2010 ---> 11/25  :  [0.993864, 0.080644436, 241.53627, 4.169446, 0.74722224, 0.29583332, 3.5222223]
INFO main bigdata.TimeSeriesAnalysis.App - 2009 ---> 12/31  :  [1.5360355, 0.12959173, 240.9592, 6.4016623, 0.0, 0.26875, 13.478472]
INFO main bigdata.TimeSeriesAnalysis.App - 2008 ---> 12/31  :  [1.3640194, 0.08977229, 243.29645, 5.6876307, 2.0659723, 0.17083333, 8.236111]
INFO main bigdata.TimeSeriesAnalysis.App - 2006 ---> 12/31  :  [2.4265246, 0.10475842, 239.89668, 10.199613, 0.0, 0.24097222, 4.515278]
INFO main bigdata.TimeSeriesAnalysis.App - 2007 ---> 12/31  :  [1.5392642, 0.10106657, 241.09464, 6.4549837, 0.0, 2.4006944, 9.771528]
INFO main bigdata.TimeSeriesAnalysis.App - Working directory is : /tmp/
INFO main bigdata.TimeSeriesAnalysis.App - Working directory is : /tmp/
INFO main bigdata.TimeSeriesAnalysis.App - Working directory is : /tmp/
INFO main bigdata.TimeSeriesAnalysis.App - Working directory is : /tmp/
INFO main bigdata.TimeSeriesAnalysis.App - Working directory is : /tmp/
INFO main bigdata.TimeSeriesAnalysis.App - Working directory is : /tmp/
INFO main bigdata.TimeSeriesAnalysis.App - Working directory is : /tmp/
INFO main bigdata.TimeSeriesAnalysis.SeasonalCalculator - Averaging for season 09/21-12/31 and year 2007. 
INFO main bigdata.TimeSeriesAnalysis.SeasonalCalculator - Averaging for season 01/01-03/20 and year 2007. 
INFO main bigdata.TimeSeriesAnalysis.SeasonalCalculator - Averaging for season 03/21-06/20 and year 2007. 
INFO main bigdata.TimeSeriesAnalysis.SeasonalCalculator - Averaging for season 01/01-03/20 and year 2007. 
INFO main bigdata.TimeSeriesAnalysis.SeasonalCalculator - Averaging for season 03/21-06/20 and year 2007. 
INFO main bigdata.TimeSeriesAnalysis.SeasonalCalculator - Averaging for season 01/01-03/20 and year 2007. 
INFO main bigdata.TimeSeriesAnalysis.SeasonalCalculator - Averaging for season 03/21-06/20 and year 2007. 
INFO main bigdata.TimeSeriesAnalysis.SeasonalCalculator - Averaging for season 06/21-09/20 and year 2007. 
INFO main bigdata.TimeSeriesAnalysis.SeasonalCalculator - Averaging for season 03/21-06/20 and year 2007. 
INFO main bigdata.TimeSeriesAnalysis.SeasonalCalculator - Averaging for season 06/21-09/20 and year 2007. 
INFO main bigdata.TimeSeriesAnalysis.SeasonalCalculator - Averaging for season 03/21-06/20 and year 2007. 
INFO main bigdata.TimeSeriesAnalysis.SeasonalCalculator - Averaging for season 09/21-12/31 and year 2007. 
INFO main bigdata.TimeSeriesAnalysis.SeasonalCalculator - Averaging for season 09/21-12/31 and year 2007. 
INFO main bigdata.TimeSeriesAnalysis.SeasonalCalculator - Averaging for season 09/21-12/31 and year 2008. 
INFO main bigdata.TimeSeriesAnalysis.SeasonalCalculator - Averaging for season 01/01-03/20 and year 2008. 
INFO main bigdata.TimeSeriesAnalysis.SeasonalCalculator - Averaging for season 03/21-06/20 and year 2008. 
INFO main bigdata.TimeSeriesAnalysis.SeasonalCalculator - Averaging for season 01/01-03/20 and year 2008. 
INFO main bigdata.TimeSeriesAnalysis.SeasonalCalculator - Averaging for season 03/21-06/20 and year 2008. 
INFO main bigdata.TimeSeriesAnalysis.SeasonalCalculator - Averaging for season 01/01-03/20 and year 2008. 
INFO main bigdata.TimeSeriesAnalysis.SeasonalCalculator - Averaging for season 03/21-06/20 and year 2008. 
INFO main bigdata.TimeSeriesAnalysis.SeasonalCalculator - Averaging for season 06/21-09/20 and year 2008. 
INFO main bigdata.TimeSeriesAnalysis.SeasonalCalculator - Averaging for season 03/21-06/20 and year 2008. 
INFO main bigdata.TimeSeriesAnalysis.SeasonalCalculator - Averaging for season 06/21-09/20 and year 2008. 
INFO main bigdata.TimeSeriesAnalysis.SeasonalCalculator - Averaging for season 03/21-06/20 and year 2008. 
INFO main bigdata.TimeSeriesAnalysis.SeasonalCalculator - Averaging for season 09/21-12/31 and year 2008. 
INFO main bigdata.TimeSeriesAnalysis.SeasonalCalculator - Averaging for season 09/21-12/31 and year 2008. 
INFO main bigdata.TimeSeriesAnalysis.SeasonalCalculator - Averaging for season 09/21-12/31 and year 2009. 
INFO main bigdata.TimeSeriesAnalysis.SeasonalCalculator - Averaging for season 01/01-03/20 and year 2009. 
INFO main bigdata.TimeSeriesAnalysis.SeasonalCalculator - Averaging for season 03/21-06/20 and year 2009. 
INFO main bigdata.TimeSeriesAnalysis.SeasonalCalculator - Averaging for season 01/01-03/20 and year 2009. 
INFO main bigdata.TimeSeriesAnalysis.SeasonalCalculator - Averaging for season 03/21-06/20 and year 2009. 
INFO main bigdata.TimeSeriesAnalysis.SeasonalCalculator - Averaging for season 01/01-03/20 and year 2009. 
INFO main bigdata.TimeSeriesAnalysis.SeasonalCalculator - Averaging for season 03/21-06/20 and year 2009. 
INFO main bigdata.TimeSeriesAnalysis.SeasonalCalculator - Averaging for season 06/21-09/20 and year 2009. 
INFO main bigdata.TimeSeriesAnalysis.SeasonalCalculator - Averaging for season 03/21-06/20 and year 2009. 
INFO main bigdata.TimeSeriesAnalysis.SeasonalCalculator - Averaging for season 06/21-09/20 and year 2009. 
INFO main bigdata.TimeSeriesAnalysis.SeasonalCalculator - Averaging for season 03/21-06/20 and year 2009. 
INFO main bigdata.TimeSeriesAnalysis.SeasonalCalculator - Averaging for season 09/21-12/31 and year 2009. 
INFO main bigdata.TimeSeriesAnalysis.SeasonalCalculator - Averaging for season 09/21-12/31 and year 2009. 
INFO main bigdata.TimeSeriesAnalysis.SeasonalCalculator - Averaging for season 09/21-12/31 and year 2010. 
INFO main bigdata.TimeSeriesAnalysis.SeasonalCalculator - Averaging for season 01/01-03/20 and year 2010. 
INFO main bigdata.TimeSeriesAnalysis.SeasonalCalculator - Averaging for season 03/21-06/20 and year 2010. 
INFO main bigdata.TimeSeriesAnalysis.SeasonalCalculator - Averaging for season 01/01-03/20 and year 2010. 
INFO main bigdata.TimeSeriesAnalysis.SeasonalCalculator - Averaging for season 03/21-06/20 and year 2010. 
INFO main bigdata.TimeSeriesAnalysis.SeasonalCalculator - Averaging for season 01/01-03/20 and year 2010. 
INFO main bigdata.TimeSeriesAnalysis.SeasonalCalculator - Averaging for season 03/21-06/20 and year 2010. 
INFO main bigdata.TimeSeriesAnalysis.SeasonalCalculator - Averaging for season 06/21-09/20 and year 2010. 
INFO main bigdata.TimeSeriesAnalysis.SeasonalCalculator - Averaging for season 03/21-06/20 and year 2010. 
INFO main bigdata.TimeSeriesAnalysis.SeasonalCalculator - Averaging for season 06/21-09/20 and year 2010. 
INFO main bigdata.TimeSeriesAnalysis.SeasonalCalculator - Averaging for season 03/21-06/20 and year 2010. 
INFO main bigdata.TimeSeriesAnalysis.SeasonalCalculator - Averaging for season 09/21-12/31 and year 2010. 
INFO main bigdata.TimeSeriesAnalysis.SeasonalCalculator - Averaging for season 09/21-12/31 and year 2010. 
INFO main bigdata.TimeSeriesAnalysis.App - 2010 ---> 06/21-09/20  :  [0.9350102, 0.11708054, 240.53383, 3.9734712, 0.6527778, 0.36319444, 6.76875]
INFO main bigdata.TimeSeriesAnalysis.App - 2010 ---> 09/21-12/31  :  [0.8668594, 0.10641382, 242.30762, 3.6041508, 0.0, 0.53541666, 5.547222]
INFO main bigdata.TimeSeriesAnalysis.App - 2010 ---> 01/01-03/20  :  [0.9607641, 0.11056611, 243.39404, 4.008657, 0.7138889, 1.6113425, 5.0184026]
INFO main bigdata.TimeSeriesAnalysis.App - 2010 ---> 03/21-06/20  :  [1.0515958, 0.15455987, 241.23267, 4.5330095, 3.0490744, 0.90300924, 7.23044]
INFO main bigdata.TimeSeriesAnalysis.App - 2009 ---> 06/21-09/20  :  [0.9350102, 0.11708054, 240.53383, 3.9734712, 0.6527778, 0.36319444, 6.76875]
INFO main bigdata.TimeSeriesAnalysis.App - 2009 ---> 09/21-12/31  :  [0.8668594, 0.10641382, 242.30762, 3.6041508, 0.0, 0.53541666, 5.547222]
INFO main bigdata.TimeSeriesAnalysis.App - 2009 ---> 01/01-03/20  :  [0.9607641, 0.11056611, 243.39404, 4.008657, 0.7138889, 1.6113425, 5.0184026]
INFO main bigdata.TimeSeriesAnalysis.App - 2009 ---> 03/21-06/20  :  [1.0515958, 0.15455987, 241.23267, 4.5330095, 3.0490744, 0.90300924, 7.23044]
INFO main bigdata.TimeSeriesAnalysis.App - 2008 ---> 06/21-09/20  :  [0.9350102, 0.11708054, 240.53383, 3.9734712, 0.6527778, 0.36319444, 6.76875]
INFO main bigdata.TimeSeriesAnalysis.App - 2008 ---> 09/21-12/31  :  [0.8668594, 0.10641382, 242.30762, 3.6041508, 0.0, 0.53541666, 5.547222]
INFO main bigdata.TimeSeriesAnalysis.App - 2008 ---> 01/01-03/20  :  [0.9607641, 0.11056611, 243.39404, 4.008657, 0.7138889, 1.6113425, 5.0184026]
INFO main bigdata.TimeSeriesAnalysis.App - 2008 ---> 03/21-06/20  :  [1.0515958, 0.15455987, 241.23267, 4.5330095, 3.0490744, 0.90300924, 7.23044]
INFO main bigdata.TimeSeriesAnalysis.App - 2006 ---> 06/21-09/20  :  [0.9350102, 0.11708054, 240.53383, 3.9734712, 0.6527778, 0.36319444, 6.76875]
INFO main bigdata.TimeSeriesAnalysis.App - 2006 ---> 09/21-12/31  :  [0.8668594, 0.10641382, 242.30762, 3.6041508, 0.0, 0.53541666, 5.547222]
INFO main bigdata.TimeSeriesAnalysis.App - 2006 ---> 01/01-03/20  :  [0.9607641, 0.11056611, 243.39404, 4.008657, 0.7138889, 1.6113425, 5.0184026]
INFO main bigdata.TimeSeriesAnalysis.App - 2006 ---> 03/21-06/20  :  [1.0515958, 0.15455987, 241.23267, 4.5330095, 3.0490744, 0.90300924, 7.23044]
INFO main bigdata.TimeSeriesAnalysis.App - 2007 ---> 06/21-09/20  :  [0.9350102, 0.11708054, 240.53383, 3.9734712, 0.6527778, 0.36319444, 6.76875]
INFO main bigdata.TimeSeriesAnalysis.App - 2007 ---> 09/21-12/31  :  [0.8668594, 0.10641382, 242.30762, 3.6041508, 0.0, 0.53541666, 5.547222]
INFO main bigdata.TimeSeriesAnalysis.App - 2007 ---> 01/01-03/20  :  [0.9607641, 0.11056611, 243.39404, 4.008657, 0.7138889, 1.6113425, 5.0184026]
INFO main bigdata.TimeSeriesAnalysis.App - 2007 ---> 03/21-06/20  :  [1.0515958, 0.15455987, 241.23267, 4.5330095, 3.0490744, 0.90300924, 7.23044]
INFO main bigdata.TimeSeriesAnalysis.App - Working directory is : /tmp/
INFO main bigdata.TimeSeriesAnalysis.SeasonalCalculator - Averaging for season 09/21-12/31 and year 2007. 
INFO main bigdata.TimeSeriesAnalysis.SeasonalCalculator - Averaging for season 01/01-03/20 and year 2007. 
INFO main bigdata.TimeSeriesAnalysis.SeasonalCalculator - Averaging for season 03/21-06/20 and year 2007. 
INFO main bigdata.TimeSeriesAnalysis.SeasonalCalculator - Averaging for season 01/01-03/20 and year 2007. 
INFO main bigdata.TimeSeriesAnalysis.SeasonalCalculator - Averaging for season 03/21-06/20 and year 2007. 
INFO main bigdata.TimeSeriesAnalysis.SeasonalCalculator - Averaging for season 01/01-03/20 and year 2007. 
INFO main bigdata.TimeSeriesAnalysis.SeasonalCalculator - Averaging for season 03/21-06/20 and year 2007. 
INFO main bigdata.TimeSeriesAnalysis.SeasonalCalculator - Averaging for season 06/21-09/20 and year 2007. 
INFO main bigdata.TimeSeriesAnalysis.SeasonalCalculator - Averaging for season 03/21-06/20 and year 2007. 
INFO main bigdata.TimeSeriesAnalysis.SeasonalCalculator - Averaging for season 06/21-09/20 and year 2007. 
INFO main bigdata.TimeSeriesAnalysis.SeasonalCalculator - Averaging for season 03/21-06/20 and year 2007. 
INFO main bigdata.TimeSeriesAnalysis.SeasonalCalculator - Averaging for season 09/21-12/31 and year 2007. 
INFO main bigdata.TimeSeriesAnalysis.SeasonalCalculator - Averaging for season 09/21-12/31 and year 2007. 
INFO main bigdata.TimeSeriesAnalysis.SeasonalCalculator - Averaging for season 09/21-12/31 and year 2008. 
INFO main bigdata.TimeSeriesAnalysis.SeasonalCalculator - Averaging for season 01/01-03/20 and year 2008. 
INFO main bigdata.TimeSeriesAnalysis.SeasonalCalculator - Averaging for season 03/21-06/20 and year 2008. 
INFO main bigdata.TimeSeriesAnalysis.SeasonalCalculator - Averaging for season 01/01-03/20 and year 2008. 
INFO main bigdata.TimeSeriesAnalysis.SeasonalCalculator - Averaging for season 03/21-06/20 and year 2008. 
INFO main bigdata.TimeSeriesAnalysis.SeasonalCalculator - Averaging for season 01/01-03/20 and year 2008. 
INFO main bigdata.TimeSeriesAnalysis.SeasonalCalculator - Averaging for season 03/21-06/20 and year 2008. 
INFO main bigdata.TimeSeriesAnalysis.SeasonalCalculator - Averaging for season 06/21-09/20 and year 2008. 
INFO main bigdata.TimeSeriesAnalysis.SeasonalCalculator - Averaging for season 03/21-06/20 and year 2008. 
INFO main bigdata.TimeSeriesAnalysis.SeasonalCalculator - Averaging for season 06/21-09/20 and year 2008. 
INFO main bigdata.TimeSeriesAnalysis.SeasonalCalculator - Averaging for season 03/21-06/20 and year 2008. 
INFO main bigdata.TimeSeriesAnalysis.SeasonalCalculator - Averaging for season 09/21-12/31 and year 2008. 
INFO main bigdata.TimeSeriesAnalysis.SeasonalCalculator - Averaging for season 09/21-12/31 and year 2008. 
INFO main bigdata.TimeSeriesAnalysis.SeasonalCalculator - Averaging for season 09/21-12/31 and year 2009. 
INFO main bigdata.TimeSeriesAnalysis.SeasonalCalculator - Averaging for season 01/01-03/20 and year 2009. 
INFO main bigdata.TimeSeriesAnalysis.SeasonalCalculator - Averaging for season 03/21-06/20 and year 2009. 
INFO main bigdata.TimeSeriesAnalysis.SeasonalCalculator - Averaging for season 01/01-03/20 and year 2009. 
INFO main bigdata.TimeSeriesAnalysis.SeasonalCalculator - Averaging for season 03/21-06/20 and year 2009. 
INFO main bigdata.TimeSeriesAnalysis.SeasonalCalculator - Averaging for season 01/01-03/20 and year 2009. 
INFO main bigdata.TimeSeriesAnalysis.SeasonalCalculator - Averaging for season 03/21-06/20 and year 2009. 
INFO main bigdata.TimeSeriesAnalysis.SeasonalCalculator - Averaging for season 06/21-09/20 and year 2009. 
INFO main bigdata.TimeSeriesAnalysis.SeasonalCalculator - Averaging for season 03/21-06/20 and year 2009. 
INFO main bigdata.TimeSeriesAnalysis.SeasonalCalculator - Averaging for season 06/21-09/20 and year 2009. 
INFO main bigdata.TimeSeriesAnalysis.SeasonalCalculator - Averaging for season 03/21-06/20 and year 2009. 
INFO main bigdata.TimeSeriesAnalysis.SeasonalCalculator - Averaging for season 09/21-12/31 and year 2009. 
INFO main bigdata.TimeSeriesAnalysis.SeasonalCalculator - Averaging for season 09/21-12/31 and year 2009. 
INFO main bigdata.TimeSeriesAnalysis.SeasonalCalculator - Averaging for season 09/21-12/31 and year 2010. 
INFO main bigdata.TimeSeriesAnalysis.SeasonalCalculator - Averaging for season 01/01-03/20 and year 2010. 
INFO main bigdata.TimeSeriesAnalysis.SeasonalCalculator - Averaging for season 03/21-06/20 and year 2010. 
INFO main bigdata.TimeSeriesAnalysis.SeasonalCalculator - Averaging for season 01/01-03/20 and year 2010. 
INFO main bigdata.TimeSeriesAnalysis.SeasonalCalculator - Averaging for season 03/21-06/20 and year 2010. 
INFO main bigdata.TimeSeriesAnalysis.SeasonalCalculator - Averaging for season 01/01-03/20 and year 2010. 
INFO main bigdata.TimeSeriesAnalysis.SeasonalCalculator - Averaging for season 03/21-06/20 and year 2010. 
INFO main bigdata.TimeSeriesAnalysis.SeasonalCalculator - Averaging for season 06/21-09/20 and year 2010. 
INFO main bigdata.TimeSeriesAnalysis.SeasonalCalculator - Averaging for season 03/21-06/20 and year 2010. 
INFO main bigdata.TimeSeriesAnalysis.SeasonalCalculator - Averaging for season 06/21-09/20 and year 2010. 
INFO main bigdata.TimeSeriesAnalysis.SeasonalCalculator - Averaging for season 03/21-06/20 and year 2010. 
INFO main bigdata.TimeSeriesAnalysis.SeasonalCalculator - Averaging for season 09/21-12/31 and year 2010. 
INFO main bigdata.TimeSeriesAnalysis.SeasonalCalculator - Averaging for season 09/21-12/31 and year 2010. 
INFO main bigdata.TimeSeriesAnalysis.App - Working directory is : /tmp/
INFO main bigdata.TimeSeriesAnalysis.SeasonalCalculator - Averaging for season 09/21-12/31 and year 2007. 
INFO main bigdata.TimeSeriesAnalysis.SeasonalCalculator - Averaging for season 01/01-03/20 and year 2007. 
INFO main bigdata.TimeSeriesAnalysis.SeasonalCalculator - Averaging for season 03/21-06/20 and year 2007. 
INFO main bigdata.TimeSeriesAnalysis.SeasonalCalculator - Averaging for season 01/01-03/20 and year 2007. 
INFO main bigdata.TimeSeriesAnalysis.SeasonalCalculator - Averaging for season 03/21-06/20 and year 2007. 
INFO main bigdata.TimeSeriesAnalysis.SeasonalCalculator - Averaging for season 01/01-03/20 and year 2007. 
INFO main bigdata.TimeSeriesAnalysis.SeasonalCalculator - Averaging for season 03/21-06/20 and year 2007. 
INFO main bigdata.TimeSeriesAnalysis.SeasonalCalculator - Averaging for season 06/21-09/20 and year 2007. 
INFO main bigdata.TimeSeriesAnalysis.SeasonalCalculator - Averaging for season 03/21-06/20 and year 2007. 
INFO main bigdata.TimeSeriesAnalysis.SeasonalCalculator - Averaging for season 06/21-09/20 and year 2007. 
INFO main bigdata.TimeSeriesAnalysis.SeasonalCalculator - Averaging for season 03/21-06/20 and year 2007. 
INFO main bigdata.TimeSeriesAnalysis.SeasonalCalculator - Averaging for season 09/21-12/31 and year 2007. 
INFO main bigdata.TimeSeriesAnalysis.SeasonalCalculator - Averaging for season 09/21-12/31 and year 2007. 
INFO main bigdata.TimeSeriesAnalysis.SeasonalCalculator - Averaging for season 09/21-12/31 and year 2008. 
INFO main bigdata.TimeSeriesAnalysis.SeasonalCalculator - Averaging for season 01/01-03/20 and year 2008. 
INFO main bigdata.TimeSeriesAnalysis.SeasonalCalculator - Averaging for season 03/21-06/20 and year 2008. 
INFO main bigdata.TimeSeriesAnalysis.SeasonalCalculator - Averaging for season 01/01-03/20 and year 2008. 
INFO main bigdata.TimeSeriesAnalysis.SeasonalCalculator - Averaging for season 03/21-06/20 and year 2008. 
INFO main bigdata.TimeSeriesAnalysis.SeasonalCalculator - Averaging for season 01/01-03/20 and year 2008. 
INFO main bigdata.TimeSeriesAnalysis.SeasonalCalculator - Averaging for season 03/21-06/20 and year 2008. 
INFO main bigdata.TimeSeriesAnalysis.SeasonalCalculator - Averaging for season 06/21-09/20 and year 2008. 
INFO main bigdata.TimeSeriesAnalysis.SeasonalCalculator - Averaging for season 03/21-06/20 and year 2008. 
INFO main bigdata.TimeSeriesAnalysis.SeasonalCalculator - Averaging for season 06/21-09/20 and year 2008. 
INFO main bigdata.TimeSeriesAnalysis.SeasonalCalculator - Averaging for season 03/21-06/20 and year 2008. 
INFO main bigdata.TimeSeriesAnalysis.SeasonalCalculator - Averaging for season 09/21-12/31 and year 2008. 
INFO main bigdata.TimeSeriesAnalysis.SeasonalCalculator - Averaging for season 09/21-12/31 and year 2008. 
INFO main bigdata.TimeSeriesAnalysis.SeasonalCalculator - Averaging for season 09/21-12/31 and year 2009. 
INFO main bigdata.TimeSeriesAnalysis.SeasonalCalculator - Averaging for season 01/01-03/20 and year 2009. 
INFO main bigdata.TimeSeriesAnalysis.SeasonalCalculator - Averaging for season 03/21-06/20 and year 2009. 
INFO main bigdata.TimeSeriesAnalysis.SeasonalCalculator - Averaging for season 01/01-03/20 and year 2009. 
INFO main bigdata.TimeSeriesAnalysis.SeasonalCalculator - Averaging for season 03/21-06/20 and year 2009. 
INFO main bigdata.TimeSeriesAnalysis.SeasonalCalculator - Averaging for season 01/01-03/20 and year 2009. 
INFO main bigdata.TimeSeriesAnalysis.SeasonalCalculator - Averaging for season 03/21-06/20 and year 2009. 
INFO main bigdata.TimeSeriesAnalysis.SeasonalCalculator - Averaging for season 06/21-09/20 and year 2009. 
INFO main bigdata.TimeSeriesAnalysis.SeasonalCalculator - Averaging for season 03/21-06/20 and year 2009. 
INFO main bigdata.TimeSeriesAnalysis.SeasonalCalculator - Averaging for season 06/21-09/20 and year 2009. 
INFO main bigdata.TimeSeriesAnalysis.SeasonalCalculator - Averaging for season 03/21-06/20 and year 2009. 
INFO main bigdata.TimeSeriesAnalysis.SeasonalCalculator - Averaging for season 09/21-12/31 and year 2009. 
INFO main bigdata.TimeSeriesAnalysis.SeasonalCalculator - Averaging for season 09/21-12/31 and year 2009. 
INFO main bigdata.TimeSeriesAnalysis.SeasonalCalculator - Averaging for season 09/21-12/31 and year 2010. 
INFO main bigdata.TimeSeriesAnalysis.SeasonalCalculator - Averaging for season 01/01-03/20 and year 2010. 
INFO main bigdata.TimeSeriesAnalysis.SeasonalCalculator - Averaging for season 03/21-06/20 and year 2010. 
INFO main bigdata.TimeSeriesAnalysis.SeasonalCalculator - Averaging for season 01/01-03/20 and year 2010. 
INFO main bigdata.TimeSeriesAnalysis.SeasonalCalculator - Averaging for season 03/21-06/20 and year 2010. 
INFO main bigdata.TimeSeriesAnalysis.SeasonalCalculator - Averaging for season 01/01-03/20 and year 2010. 
INFO main bigdata.TimeSeriesAnalysis.SeasonalCalculator - Averaging for season 03/21-06/20 and year 2010. 
INFO main bigdata.TimeSeriesAnalysis.SeasonalCalculator - Averaging for season 06/21-09/20 and year 2010. 
INFO main bigdata.TimeSeriesAnalysis.SeasonalCalculator - Averaging for season 03/21-06/20 and year 2010. 
INFO main bigdata.TimeSeriesAnalysis.SeasonalCalculator - Averaging for season 06/21-09/20 and year 2010. 
INFO main bigdata.TimeSeriesAnalysis.SeasonalCalculator - Averaging for season 03/21-06/20 and year 2010. 
INFO main bigdata.TimeSeriesAnalysis.SeasonalCalculator - Averaging for season 09/21-12/31 and year 2010. 
INFO main bigdata.TimeSeriesAnalysis.SeasonalCalculator - Averaging for season 09/21-12/31 and year 2010. 
INFO main bigdata.TimeSeriesAnalysis.App - Working directory is : /tmp/
INFO main bigdata.TimeSeriesAnalysis.SeasonalCalculator - Averaging for season 09/21-12/31 and year 2007. 
INFO main bigdata.TimeSeriesAnalysis.SeasonalCalculator - Averaging for season 01/01-03/20 and year 2007. 
INFO main bigdata.TimeSeriesAnalysis.SeasonalCalculator - Averaging for season 03/21-06/20 and year 2007. 
INFO main bigdata.TimeSeriesAnalysis.SeasonalCalculator - Averaging for season 01/01-03/20 and year 2007. 
INFO main bigdata.TimeSeriesAnalysis.SeasonalCalculator - Averaging for season 03/21-06/20 and year 2007. 
INFO main bigdata.TimeSeriesAnalysis.SeasonalCalculator - Averaging for season 01/01-03/20 and year 2007. 
INFO main bigdata.TimeSeriesAnalysis.SeasonalCalculator - Averaging for season 03/21-06/20 and year 2007. 
INFO main bigdata.TimeSeriesAnalysis.SeasonalCalculator - Averaging for season 06/21-09/20 and year 2007. 
INFO main bigdata.TimeSeriesAnalysis.SeasonalCalculator - Averaging for season 03/21-06/20 and year 2007. 
INFO main bigdata.TimeSeriesAnalysis.SeasonalCalculator - Averaging for season 06/21-09/20 and year 2007. 
INFO main bigdata.TimeSeriesAnalysis.SeasonalCalculator - Averaging for season 03/21-06/20 and year 2007. 
INFO main bigdata.TimeSeriesAnalysis.SeasonalCalculator - Averaging for season 09/21-12/31 and year 2007. 
INFO main bigdata.TimeSeriesAnalysis.SeasonalCalculator - Averaging for season 09/21-12/31 and year 2007. 
INFO main bigdata.TimeSeriesAnalysis.SeasonalCalculator - Averaging for season 09/21-12/31 and year 2008. 
INFO main bigdata.TimeSeriesAnalysis.SeasonalCalculator - Averaging for season 01/01-03/20 and year 2008. 
INFO main bigdata.TimeSeriesAnalysis.SeasonalCalculator - Averaging for season 03/21-06/20 and year 2008. 
INFO main bigdata.TimeSeriesAnalysis.SeasonalCalculator - Averaging for season 01/01-03/20 and year 2008. 
INFO main bigdata.TimeSeriesAnalysis.SeasonalCalculator - Averaging for season 03/21-06/20 and year 2008. 
INFO main bigdata.TimeSeriesAnalysis.SeasonalCalculator - Averaging for season 01/01-03/20 and year 2008. 
INFO main bigdata.TimeSeriesAnalysis.SeasonalCalculator - Averaging for season 03/21-06/20 and year 2008. 
INFO main bigdata.TimeSeriesAnalysis.SeasonalCalculator - Averaging for season 06/21-09/20 and year 2008. 
INFO main bigdata.TimeSeriesAnalysis.SeasonalCalculator - Averaging for season 03/21-06/20 and year 2008. 
INFO main bigdata.TimeSeriesAnalysis.SeasonalCalculator - Averaging for season 06/21-09/20 and year 2008. 
INFO main bigdata.TimeSeriesAnalysis.SeasonalCalculator - Averaging for season 03/21-06/20 and year 2008. 
INFO main bigdata.TimeSeriesAnalysis.SeasonalCalculator - Averaging for season 09/21-12/31 and year 2008. 
INFO main bigdata.TimeSeriesAnalysis.SeasonalCalculator - Averaging for season 09/21-12/31 and year 2008. 
INFO main bigdata.TimeSeriesAnalysis.SeasonalCalculator - Averaging for season 09/21-12/31 and year 2009. 
INFO main bigdata.TimeSeriesAnalysis.SeasonalCalculator - Averaging for season 01/01-03/20 and year 2009. 
INFO main bigdata.TimeSeriesAnalysis.SeasonalCalculator - Averaging for season 03/21-06/20 and year 2009. 
INFO main bigdata.TimeSeriesAnalysis.SeasonalCalculator - Averaging for season 01/01-03/20 and year 2009. 
INFO main bigdata.TimeSeriesAnalysis.SeasonalCalculator - Averaging for season 03/21-06/20 and year 2009. 
INFO main bigdata.TimeSeriesAnalysis.SeasonalCalculator - Averaging for season 01/01-03/20 and year 2009. 
INFO main bigdata.TimeSeriesAnalysis.SeasonalCalculator - Averaging for season 03/21-06/20 and year 2009. 
INFO main bigdata.TimeSeriesAnalysis.SeasonalCalculator - Averaging for season 06/21-09/20 and year 2009. 
INFO main bigdata.TimeSeriesAnalysis.SeasonalCalculator - Averaging for season 03/21-06/20 and year 2009. 
INFO main bigdata.TimeSeriesAnalysis.SeasonalCalculator - Averaging for season 06/21-09/20 and year 2009. 
INFO main bigdata.TimeSeriesAnalysis.SeasonalCalculator - Averaging for season 03/21-06/20 and year 2009. 
INFO main bigdata.TimeSeriesAnalysis.SeasonalCalculator - Averaging for season 09/21-12/31 and year 2009. 
INFO main bigdata.TimeSeriesAnalysis.SeasonalCalculator - Averaging for season 09/21-12/31 and year 2009. 
INFO main bigdata.TimeSeriesAnalysis.SeasonalCalculator - Averaging for season 09/21-12/31 and year 2010. 
INFO main bigdata.TimeSeriesAnalysis.SeasonalCalculator - Averaging for season 01/01-03/20 and year 2010. 
INFO main bigdata.TimeSeriesAnalysis.SeasonalCalculator - Averaging for season 03/21-06/20 and year 2010. 
INFO main bigdata.TimeSeriesAnalysis.SeasonalCalculator - Averaging for season 01/01-03/20 and year 2010. 
INFO main bigdata.TimeSeriesAnalysis.SeasonalCalculator - Averaging for season 03/21-06/20 and year 2010. 
INFO main bigdata.TimeSeriesAnalysis.SeasonalCalculator - Averaging for season 01/01-03/20 and year 2010. 
INFO main bigdata.TimeSeriesAnalysis.SeasonalCalculator - Averaging for season 03/21-06/20 and year 2010. 
INFO main bigdata.TimeSeriesAnalysis.SeasonalCalculator - Averaging for season 06/21-09/20 and year 2010. 
INFO main bigdata.TimeSeriesAnalysis.SeasonalCalculator - Averaging for season 03/21-06/20 and year 2010. 
INFO main bigdata.TimeSeriesAnalysis.SeasonalCalculator - Averaging for season 06/21-09/20 and year 2010. 
INFO main bigdata.TimeSeriesAnalysis.SeasonalCalculator - Averaging for season 03/21-06/20 and year 2010. 
INFO main bigdata.TimeSeriesAnalysis.SeasonalCalculator - Averaging for season 09/21-12/31 and year 2010. 
INFO main bigdata.TimeSeriesAnalysis.SeasonalCalculator - Averaging for season 09/21-12/31 and year 2010. 
INFO main bigdata.TimeSeriesAnalysis.App - Working directory is : /tmp/
INFO main bigdata.TimeSeriesAnalysis.SeasonalCalculator - Averaging for season 01/01-03/20 and year 2007. 
INFO main bigdata.TimeSeriesAnalysis.SeasonalCalculator - Averaging for season 03/21-06/20 and year 2007. 
INFO main bigdata.TimeSeriesAnalysis.SeasonalCalculator - Averaging for season 01/01-03/20 and year 2008. 
INFO main bigdata.TimeSeriesAnalysis.SeasonalCalculator - Averaging for season 03/21-06/20 and year 2008. 
INFO main bigdata.TimeSeriesAnalysis.SeasonalCalculator - Averaging for season 01/01-03/20 and year 2009. 
INFO main bigdata.TimeSeriesAnalysis.SeasonalCalculator - Averaging for season 03/21-06/20 and year 2009. 
INFO main bigdata.TimeSeriesAnalysis.SeasonalCalculator - Averaging for season 01/01-03/20 and year 2010. 
INFO main bigdata.TimeSeriesAnalysis.SeasonalCalculator - Averaging for season 03/21-06/20 and year 2010. 
INFO main bigdata.TimeSeriesAnalysis.App - Working directory is : /tmp/
INFO main bigdata.TimeSeriesAnalysis.SeasonalCalculator - Averaging for season 01/01-03/20 and year 2007. 
INFO main bigdata.TimeSeriesAnalysis.SeasonalCalculator - Averaging for season 03/21-06/20 and year 2007. 
INFO main bigdata.TimeSeriesAnalysis.SeasonalCalculator - Averaging for season 01/01-03/20 and year 2008. 
INFO main bigdata.TimeSeriesAnalysis.SeasonalCalculator - Averaging for season 03/21-06/20 and year 2008. 
INFO main bigdata.TimeSeriesAnalysis.SeasonalCalculator - Averaging for season 01/01-03/20 and year 2009. 
INFO main bigdata.TimeSeriesAnalysis.SeasonalCalculator - Averaging for season 03/21-06/20 and year 2009. 
INFO main bigdata.TimeSeriesAnalysis.SeasonalCalculator - Averaging for season 01/01-03/20 and year 2010. 
INFO main bigdata.TimeSeriesAnalysis.SeasonalCalculator - Averaging for season 03/21-06/20 and year 2010. 
INFO main bigdata.TimeSeriesAnalysis.App - Working directory is : /tmp/
INFO main bigdata.TimeSeriesAnalysis.SeasonalCalculator - Averaging for season 01/01-03/20 and year 2007. 
INFO main bigdata.TimeSeriesAnalysis.SeasonalCalculator - Averaging for season 03/21-06/20 and year 2007. 
INFO main bigdata.TimeSeriesAnalysis.SeasonalCalculator - Averaging for season 01/01-03/20 and year 2008. 
INFO main bigdata.TimeSeriesAnalysis.SeasonalCalculator - Averaging for season 03/21-06/20 and year 2008. 
INFO main bigdata.TimeSeriesAnalysis.SeasonalCalculator - Averaging for season 01/01-03/20 and year 2009. 
INFO main bigdata.TimeSeriesAnalysis.SeasonalCalculator - Averaging for season 03/21-06/20 and year 2009. 
INFO main bigdata.TimeSeriesAnalysis.SeasonalCalculator - Averaging for season 01/01-03/20 and year 2010. 
INFO main bigdata.TimeSeriesAnalysis.SeasonalCalculator - Averaging for season 03/21-06/20 and year 2010. 
INFO main bigdata.TimeSeriesAnalysis.App - Working directory is : /tmp/
INFO main bigdata.TimeSeriesAnalysis.SeasonalCalculator - Averaging for season 01/01-03/20 and year 2007. 
INFO main bigdata.TimeSeriesAnalysis.SeasonalCalculator - Averaging for season 03/21-06/20 and year 2007. 
INFO main bigdata.TimeSeriesAnalysis.SeasonalCalculator - Averaging for season 01/01-03/20 and year 2008. 
INFO main bigdata.TimeSeriesAnalysis.SeasonalCalculator - Averaging for season 03/21-06/20 and year 2008. 
INFO main bigdata.TimeSeriesAnalysis.SeasonalCalculator - Averaging for season 01/01-03/20 and year 2009. 
INFO main bigdata.TimeSeriesAnalysis.SeasonalCalculator - Averaging for season 03/21-06/20 and year 2009. 
INFO main bigdata.TimeSeriesAnalysis.SeasonalCalculator - Averaging for season 01/01-03/20 and year 2010. 
INFO main bigdata.TimeSeriesAnalysis.SeasonalCalculator - Averaging for season 03/21-06/20 and year 2010. 
INFO main bigdata.TimeSeriesAnalysis.App - Working directory is : /tmp/
INFO main bigdata.TimeSeriesAnalysis.SeasonalCalculator - Averaging for season 01/01-03/20 and year 2007. 
INFO main bigdata.TimeSeriesAnalysis.SeasonalCalculator - Averaging for season 03/21-06/20 and year 2007. 
INFO main bigdata.TimeSeriesAnalysis.SeasonalCalculator - Averaging for season 01/01-03/20 and year 2008. 
INFO main bigdata.TimeSeriesAnalysis.SeasonalCalculator - Averaging for season 03/21-06/20 and year 2008. 
INFO main bigdata.TimeSeriesAnalysis.SeasonalCalculator - Averaging for season 01/01-03/20 and year 2009. 
INFO main bigdata.TimeSeriesAnalysis.SeasonalCalculator - Averaging for season 03/21-06/20 and year 2009. 
INFO main bigdata.TimeSeriesAnalysis.SeasonalCalculator - Averaging for season 01/01-03/20 and year 2010. 
INFO main bigdata.TimeSeriesAnalysis.SeasonalCalculator - Averaging for season 03/21-06/20 and year 2010. 
INFO main bigdata.TimeSeriesAnalysis.App - Working directory is : /tmp/
INFO main bigdata.TimeSeriesAnalysis.SeasonalCalculator - Averaging for season 01/01-03/20 and year 2007. 
INFO main bigdata.TimeSeriesAnalysis.SeasonalCalculator - Averaging for season 03/21-06/20 and year 2007. 
INFO main bigdata.TimeSeriesAnalysis.SeasonalCalculator - Averaging for season 01/01-03/20 and year 2008. 
INFO main bigdata.TimeSeriesAnalysis.SeasonalCalculator - Averaging for season 03/21-06/20 and year 2008. 
INFO main bigdata.TimeSeriesAnalysis.SeasonalCalculator - Averaging for season 01/01-03/20 and year 2009. 
INFO main bigdata.TimeSeriesAnalysis.SeasonalCalculator - Averaging for season 03/21-06/20 and year 2009. 
INFO main bigdata.TimeSeriesAnalysis.SeasonalCalculator - Averaging for season 01/01-03/20 and year 2010. 
INFO main bigdata.TimeSeriesAnalysis.SeasonalCalculator - Averaging for season 03/21-06/20 and year 2010. 
INFO main bigdata.TimeSeriesAnalysis.App - Working directory is : /tmp/
